<?xml version="1.0" encoding="UTF-8"?>
<testsuite name="foo.fintech.contollers.WeatherControllerTest" tests="9" skipped="0" failures="0" errors="0" timestamp="2023-09-29T19:27:12" hostname="TURING" time="0.45">
  <properties/>
  <testcase name="deleteWeatherByRegionIdIfNotDeleted()" classname="foo.fintech.contollers.WeatherControllerTest" time="0.154"/>
  <testcase name="addNewRegion()" classname="foo.fintech.contollers.WeatherControllerTest" time="0.19"/>
  <testcase name="getTemperatureByRegionIdThenNotFound()" classname="foo.fintech.contollers.WeatherControllerTest" time="0.021"/>
  <testcase name="deleteWeatherByRegionIdIfDeleted()" classname="foo.fintech.contollers.WeatherControllerTest" time="0.007"/>
  <testcase name="getTemperatureByRegionIdWhenWeatherExists()" classname="foo.fintech.contollers.WeatherControllerTest" time="0.026"/>
  <testcase name="updateWeatherByRegionNameShouldReturnNoContent()" classname="foo.fintech.contollers.WeatherControllerTest" time="0.008"/>
  <testcase name="updateWeatherByRegionNameShouldReturnCreated()" classname="foo.fintech.contollers.WeatherControllerTest" time="0.008"/>
  <testcase name="deleteWeatherByRegionNameIfDeleted()" classname="foo.fintech.contollers.WeatherControllerTest" time="0.006"/>
  <testcase name="deleteWeatherByRegionNameIfNotDeleted()" classname="foo.fintech.contollers.WeatherControllerTest" time="0.007"/>
  <system-out><![CDATA[2023-09-29T22:27:12.137+03:00  INFO 11832 --- [    Test worker] t.c.s.AnnotationConfigContextLoaderUtils : Could not detect default configuration classes for test class [foo.fintech.contollers.WeatherControllerTest]: WeatherControllerTest does not declare any static, non-private, non-final, nested classes annotated with @Configuration.
2023-09-29T22:27:12.158+03:00  INFO 11832 --- [    Test worker] .b.t.c.SpringBootTestContextBootstrapper : Found @SpringBootConfiguration foo.fintech.FintechApplication for test class foo.fintech.contollers.WeatherControllerTest

  .   ____          _            __ _ _
 /\\ / ___'_ __ _ _(_)_ __  __ _ \ \ \ \
( ( )\___ | '_ | '_| | '_ \/ _` | \ \ \ \
 \\/  ___)| |_)| | | | | || (_| |  ) ) ) )
  '  |____| .__|_| |_|_| |_\__, | / / / /
 =========|_|==============|___/=/_/_/_/
 :: Spring Boot ::                (v3.1.4)

2023-09-29T22:27:12.189+03:00  INFO 11832 --- [    Test worker] f.f.contollers.WeatherControllerTest     : Starting WeatherControllerTest using Java 19.0.1 with PID 11832 (started by ikati in C:\Users\ikati\Desktop\fintech-java\thirdwork)
2023-09-29T22:27:12.189+03:00 DEBUG 11832 --- [    Test worker] f.f.contollers.WeatherControllerTest     : Running with Spring Boot v3.1.4, Spring v6.0.12
2023-09-29T22:27:12.189+03:00  INFO 11832 --- [    Test worker] f.f.contollers.WeatherControllerTest     : The following 1 profile is active: "dev"
2023-09-29T22:27:12.713+03:00  INFO 11832 --- [    Test worker] o.s.b.t.m.w.SpringBootMockServletContext : Initializing Spring TestDispatcherServlet ''
2023-09-29T22:27:12.713+03:00  INFO 11832 --- [    Test worker] o.s.t.web.servlet.TestDispatcherServlet  : Initializing Servlet ''
2023-09-29T22:27:12.717+03:00  INFO 11832 --- [    Test worker] o.s.t.web.servlet.TestDispatcherServlet  : Completed initialization in 2 ms
2023-09-29T22:27:12.735+03:00  INFO 11832 --- [    Test worker] f.f.contollers.WeatherControllerTest     : Started WeatherControllerTest in 0.572 seconds (process running for 4.601)
2023-09-29T22:27:13.119+03:00 DEBUG 11832 --- [    Test worker] f.fintech.contollers.WeatherController   : date = 2023-12-10T05:05
2023-09-29T22:27:13.172+03:00 DEBUG 11832 --- [    Test worker] f.fintech.contollers.WeatherController   : id = -1, date = 2023-09-29T22:27
2023-09-29T22:27:13.181+03:00 DEBUG 11832 --- [    Test worker] f.fintech.contollers.WeatherController   : id = 0, date = 2023-09-29T22:27
]]></system-out>
  <system-err><![CDATA[]]></system-err>
</testsuite>
