<?xml version="1.0" encoding="UTF-8"?>
<testsuite name="foo.FunctionServiceTest" tests="12" skipped="0" failures="0" errors="0" timestamp="2023-09-25T16:51:24" hostname="TURING" time="0.106">
  <properties/>
  <testcase name="getAverageTemperatureByRegion()" classname="foo.FunctionServiceTest" time="0.067"/>
  <testcase name="getRegionsWhereTemperatureGreatHasDuplicate()" classname="foo.FunctionServiceTest" time="0.011"/>
  <testcase name="getMapByKeyEqualsUUID()" classname="foo.FunctionServiceTest" time="0.006"/>
  <testcase name="getMapByKeyEqualsUUIDWhenListEmpty()" classname="foo.FunctionServiceTest" time="0.001"/>
  <testcase name="getMapByKeyEqualsTemperatureWhenListEmpty()" classname="foo.FunctionServiceTest" time="0.001"/>
  <testcase name="getAverageTemperatureOfAllRegions()" classname="foo.FunctionServiceTest" time="0.001"/>
  <testcase name="getMapByKeyEqualsTemperature()" classname="foo.FunctionServiceTest" time="0.003"/>
  <testcase name="getAverageTemperatureOfAllRegionsShouldReturnZero()" classname="foo.FunctionServiceTest" time="0.001"/>
  <testcase name="getAverageTemperatureOfAllWhenListEmpty()" classname="foo.FunctionServiceTest" time="0.001"/>
  <testcase name="getRegionsWhereTemperatureGreat()" classname="foo.FunctionServiceTest" time="0.002"/>
  <testcase name="getRegionsWhereTemperatureGreatWhenListEmpty()" classname="foo.FunctionServiceTest" time="0.001"/>
  <testcase name="getAverageTemperatureByRegionWhenListEmpty()" classname="foo.FunctionServiceTest" time="0.001"/>
  <system-out><![CDATA[]]></system-out>
  <system-err><![CDATA[]]></system-err>
</testsuite>
