<?xml version="1.0" encoding="UTF-8"?>
<testsuite name="foo.fintech.FintechApplicationTests" tests="1" skipped="0" failures="0" errors="0" timestamp="2023-09-29T19:27:11" hostname="TURING" time="0.712">
  <properties/>
  <testcase name="contextLoads()" classname="foo.fintech.FintechApplicationTests" time="0.712"/>
  <system-out><![CDATA[22:27:09.072 [Test worker] INFO org.springframework.test.context.support.AnnotationConfigContextLoaderUtils -- Could not detect default configuration classes for test class [foo.fintech.FintechApplicationTests]: FintechApplicationTests does not declare any static, non-private, non-final, nested classes annotated with @Configuration.
22:27:09.168 [Test worker] INFO org.springframework.boot.test.context.SpringBootTestContextBootstrapper -- Found @SpringBootConfiguration foo.fintech.FintechApplication for test class foo.fintech.FintechApplicationTests

  .   ____          _            __ _ _
 /\\ / ___'_ __ _ _(_)_ __  __ _ \ \ \ \
( ( )\___ | '_ | '_| | '_ \/ _` | \ \ \ \
 \\/  ___)| |_)| | | | | || (_| |  ) ) ) )
  '  |____| .__|_| |_|_| |_\__, | / / / /
 =========|_|==============|___/=/_/_/_/
 :: Spring Boot ::                (v3.1.4)

2023-09-29T22:27:09.664+03:00  INFO 11832 --- [    Test worker] foo.fintech.FintechApplicationTests      : Starting FintechApplicationTests using Java 19.0.1 with PID 11832 (started by ikati in C:\Users\ikati\Desktop\fintech-java\thirdwork)
2023-09-29T22:27:09.665+03:00 DEBUG 11832 --- [    Test worker] foo.fintech.FintechApplicationTests      : Running with Spring Boot v3.1.4, Spring v6.0.12
2023-09-29T22:27:09.666+03:00  INFO 11832 --- [    Test worker] foo.fintech.FintechApplicationTests      : The following 1 profile is active: "dev"
2023-09-29T22:27:11.398+03:00  INFO 11832 --- [    Test worker] foo.fintech.FintechApplicationTests      : Started FintechApplicationTests in 2.066 seconds (process running for 3.264)
]]></system-out>
  <system-err><![CDATA[]]></system-err>
</testsuite>
